<?xml version="1.0" encoding="UTF-8"?>
<!-- Generated by org.testng.reporters.JUnitXMLReporter -->
<testsuite ignored="0" hostname="DESKTOP-1U1212V" failures="0" tests="6" name="Surefire test" time="59.608" errors="0" timestamp="2022-01-14T10:46:56 IST">
  <testcase classname="com.cm.qa.testCases.HomePageTest" name="userNameTest" time="0.773"/>
  <testcase classname="com.cm.qa.testCases.HomePageTest" name="verifyHomePageTitleTest" time="0.003"/>
  <testcase classname="com.cm.qa.testCases.HomePageTest" name="verifyContactsLinkTest" time="1.007"/>
  <testcase classname="com.cm.qa.testCases.LoginPageTest" name="loginPageTitleTest" time="0.017"/>
  <testcase classname="com.cm.qa.testCases.LoginPageTest" name="crmLogoImageTest" time="0.315"/>
  <testcase classname="com.cm.qa.testCases.LoginPageTest" name="loginTest" time="2.499"/>
</testsuite> <!-- Surefire test -->
