<?xml version="1.0" encoding="UTF-8"?>
<!-- Generated by org.testng.reporters.JUnitXMLReporter -->
<testsuite ignored="0" hostname="DESKTOP-1U1212V" failures="0" tests="6" name="Free CRM APP Test" time="58.036" errors="0" timestamp="2022-01-13T10:24:24 IST">
  <testcase classname="com.cm.qa.testCases.LoginPageTest" name="loginPageTitleTest" time="0.014"/>
  <testcase classname="com.cm.qa.testCases.LoginPageTest" name="crmLogoImageTest" time="0.256"/>
  <testcase classname="com.cm.qa.testCases.LoginPageTest" name="loginTest" time="2.895"/>
  <testcase classname="com.cm.qa.testCases.HomePageTest" name="userNameTest" time="0.744"/>
  <testcase classname="com.cm.qa.testCases.HomePageTest" name="verifyHomePageTitleTest" time="0.003"/>
  <testcase classname="com.cm.qa.testCases.HomePageTest" name="verifyContactsLinkTest" time="0.625"/>
</testsuite> <!-- Free CRM APP Test -->
