<?xml version="1.0" encoding="UTF-8"?>
<testsuite xmlns:xsi="http://www.w3.org/2001/XMLSchema-instance" xsi:noNamespaceSchemaLocation="https://maven.apache.org/surefire/maven-surefire-plugin/xsd/surefire-test-report.xsd" name="TestSuite" time="60.055" tests="6" errors="0" skipped="0" failures="0">
  <properties>
[...]
</properties>
  <testcase name="userNameTest" classname="com.cm.qa.testCases.HomePageTest" time="0.773"/>
  <testcase name="verifyHomePageTitleTest" classname="com.cm.qa.testCases.HomePageTest" time="0.004"/>
  <testcase name="verifyContactsLinkTest" classname="com.cm.qa.testCases.HomePageTest" time="1.007"/>
  <testcase name="loginPageTitleTest" classname="com.cm.qa.testCases.LoginPageTest" time="0.017"/>
  <testcase name="crmLogoImageTest" classname="com.cm.qa.testCases.LoginPageTest" time="0.315"/>
  <testcase name="loginTest" classname="com.cm.qa.testCases.LoginPageTest" time="2.499"/>
</testsuite>