<?xml version="1.0" encoding="UTF-8"?>
<testsuite xmlns:xsi="http://www.w3.org/2001/XMLSchema-instance" xsi:noNamespaceSchemaLocation="https://maven.apache.org/surefire/maven-surefire-plugin/xsd/surefire-test-report.xsd" name="com.cm.qa.testCases.LoginPageTest" time="20.493" tests="3" errors="0" skipped="0" failures="2">
  <properties>
[...]
</properties>
  <testcase name="loginPageTitleTest" classname="com.cm.qa.testCases.LoginPageTest" time="0.021">
    <failure message="expected [CRMPRO  - CRM software for customer relationship management, sales, and support.] but found [CRMPRO - CRM software for customer relationship management, sales, and support.]" type="java.lang.AssertionError">java.lang.AssertionError: expected [CRMPRO  - CRM software for customer relationship management, sales, and support.] but found [CRMPRO - CRM software for customer relationship management, sales, and support.]
	at com.cm.qa.testCases.LoginPageTest.loginPageTitleTest(LoginPageTest.java:32)
</failure>
    <system-err><![CDATA[1641920014829	geckodriver	INFO	Listening on 127.0.0.1:31303
1641920015482	mozrunner::runner	INFO	Running command: "C:\\Program Files\\Mozilla Firefox\\firefox.exe" "--marionette" "-no-remote" "-profile" "C:\\Users\\MANAV CHOKSHI\\AppData\\Local\\Temp\\rust_mozprofilekUymqk"
1641920015921	Marionette	INFO	Marionette enabled
console.warn: SearchSettings: "get: No settings file exists, new profile?" (new NotFoundError("Could not open the file at C:\\Users\\MANAV CHOKSHI\\AppData\\Local\\Temp\\rust_mozprofilekUymqk\\search.json.mozlz4", (void 0)))
1641920018320	Marionette	INFO	Listening on port 62581
1641920018667	RemoteAgent	WARN	TLS certificate errors will be ignored for this session
Jan. 11, 2022 10:23:38 P.M. org.openqa.selenium.remote.ProtocolHandshake createSession
INFO: Detected dialect: W3C
]]></system-err>
  </testcase>
  <testcase name="crmLogoImageTest" classname="com.cm.qa.testCases.LoginPageTest" time="0.076"/>
  <testcase name="loginTest" classname="com.cm.qa.testCases.LoginPageTest" time="0.145">
    <failure message="Given xpath expression &quot;//input[@type=&apos;submit&apos;&quot; is invalid: SyntaxError: Document.evaluate: The expression is not a legal expression&#10;For documentation on this error, please visit: http://seleniumhq.org/exceptions/invalid_selector_exception.html&#10;Build info: version: &apos;3.14.0&apos;, revision: &apos;aacccce0&apos;, time: &apos;2018-08-02T20:19:58.91Z&apos;&#10;System info: host: &apos;DESKTOP-1U1212V&apos;, ip: &apos;10.0.0.88&apos;, os.name: &apos;Windows 10&apos;, os.arch: &apos;amd64&apos;, os.version: &apos;10.0&apos;, java.version: &apos;15.0.1&apos;&#10;Driver info: org.openqa.selenium.firefox.FirefoxDriver&#10;Capabilities {acceptInsecureCerts: true, browserName: firefox, browserVersion: 95.0.2, javascriptEnabled: true, moz:accessibilityChecks: false, moz:buildID: 20211218203254, moz:geckodriverVersion: 0.30.0, moz:headless: false, moz:processID: 6420, moz:profile: C:\Users\MANAV CHOKSHI\AppD..., moz:shutdownTimeout: 60000, moz:useNonSpecCompliantPointerOrigin: false, moz:webdriverClick: true, pageLoadStrategy: normal, platform: WINDOWS, platformName: WINDOWS, platformVersion: 10.0, proxy: Proxy(), setWindowRect: true, strictFileInteractability: false, timeouts: {implicit: 0, pageLoad: 300000, script: 30000}, unhandledPromptBehavior: dismiss and notify}&#10;Session ID: 6a2bd6eb-a963-4408-a5ff-307df9ddeea9&#10;*** Element info: {Using=xpath, value=//input[@type=&apos;submit&apos;}" type="org.openqa.selenium.InvalidSelectorException">org.openqa.selenium.InvalidSelectorException: 
Given xpath expression "//input[@type='submit'" is invalid: SyntaxError: Document.evaluate: The expression is not a legal expression
For documentation on this error, please visit: http://seleniumhq.org/exceptions/invalid_selector_exception.html
Build info: version: '3.14.0', revision: 'aacccce0', time: '2018-08-02T20:19:58.91Z'
System info: host: 'DESKTOP-1U1212V', ip: '10.0.0.88', os.name: 'Windows 10', os.arch: 'amd64', os.version: '10.0', java.version: '15.0.1'
Driver info: org.openqa.selenium.firefox.FirefoxDriver
Capabilities {acceptInsecureCerts: true, browserName: firefox, browserVersion: 95.0.2, javascriptEnabled: true, moz:accessibilityChecks: false, moz:buildID: 20211218203254, moz:geckodriverVersion: 0.30.0, moz:headless: false, moz:processID: 6420, moz:profile: C:\Users\MANAV CHOKSHI\AppD..., moz:shutdownTimeout: 60000, moz:useNonSpecCompliantPointerOrigin: false, moz:webdriverClick: true, pageLoadStrategy: normal, platform: WINDOWS, platformName: WINDOWS, platformVersion: 10.0, proxy: Proxy(), setWindowRect: true, strictFileInteractability: false, timeouts: {implicit: 0, pageLoad: 300000, script: 30000}, unhandledPromptBehavior: dismiss and notify}
Session ID: 6a2bd6eb-a963-4408-a5ff-307df9ddeea9
*** Element info: {Using=xpath, value=//input[@type='submit'}
	at com.cm.qa.testCases.LoginPageTest.loginTest(LoginPageTest.java:41)
</failure>
    <system-err><![CDATA[1641920027395	Marionette	INFO	Stopped listening on port 62645

###!!! [Parent][RunMessage] Error: Channel closing: too late to send/recv, messages will be lost

1641920028298	geckodriver	INFO	Listening on 127.0.0.1:43641
1641920028789	mozrunner::runner	INFO	Running command: "C:\\Program Files\\Mozilla Firefox\\firefox.exe" "--marionette" "-no-remote" "-profile" "C:\\Users\\MANAV CHOKSHI\\AppData\\Local\\Temp\\rust_mozprofileeZZ6x5"
1641920029191	Marionette	INFO	Marionette enabled
console.warn: SearchSettings: "get: No settings file exists, new profile?" (new NotFoundError("Could not open the file at C:\\Users\\MANAV CHOKSHI\\AppData\\Local\\Temp\\rust_mozprofileeZZ6x5\\search.json.mozlz4", (void 0)))
1641920031380	Marionette	INFO	Listening on port 62710
1641920031459	RemoteAgent	WARN	TLS certificate errors will be ignored for this session
Jan. 11, 2022 10:23:51 P.M. org.openqa.selenium.remote.ProtocolHandshake createSession
INFO: Detected dialect: W3C
]]></system-err>
  </testcase>
</testsuite>