<?xml version="1.0" encoding="UTF-8"?>
<testng-results ignored="0" total="6" passed="6" failed="0" skipped="0">
  <reporter-output>
  </reporter-output>
  <suite started-at="2022-01-14T10:45:57 IST" name="Surefire suite" finished-at="2022-01-14T10:46:56 IST" duration-ms="59608">
    <groups>
    </groups>
    <test started-at="2022-01-14T10:45:57 IST" name="Surefire test" finished-at="2022-01-14T10:46:56 IST" duration-ms="59608">
      <class name="com.cm.qa.testCases.HomePageTest">
        <test-method is-config="true" signature="setUp()[pri:0, instance:com.cm.qa.testCases.HomePageTest@38425407]" started-at="2022-01-14T10:45:57 IST" name="setUp" finished-at="2022-01-14T10:46:07 IST" duration-ms="10592" status="PASS">
          <reporter-output>
          </reporter-output>
        </test-method> <!-- setUp -->
        <test-method signature="userNameTest()[pri:1, instance:com.cm.qa.testCases.HomePageTest@38425407]" started-at="2022-01-14T10:46:07 IST" name="userNameTest" finished-at="2022-01-14T10:46:08 IST" duration-ms="773" status="PASS">
          <reporter-output>
          </reporter-output>
        </test-method> <!-- userNameTest -->
        <test-method is-config="true" signature="tearDown()[pri:0, instance:com.cm.qa.testCases.HomePageTest@38425407]" started-at="2022-01-14T10:46:08 IST" name="tearDown" finished-at="2022-01-14T10:46:09 IST" duration-ms="1488" status="PASS">
          <reporter-output>
          </reporter-output>
        </test-method> <!-- tearDown -->
        <test-method is-config="true" signature="setUp()[pri:0, instance:com.cm.qa.testCases.HomePageTest@38425407]" started-at="2022-01-14T10:46:09 IST" name="setUp" finished-at="2022-01-14T10:46:19 IST" duration-ms="9397" status="PASS">
          <reporter-output>
          </reporter-output>
        </test-method> <!-- setUp -->
        <test-method signature="verifyHomePageTitleTest()[pri:2, instance:com.cm.qa.testCases.HomePageTest@38425407]" started-at="2022-01-14T10:46:19 IST" name="verifyHomePageTitleTest" finished-at="2022-01-14T10:46:19 IST" duration-ms="3" status="PASS">
          <reporter-output>
          </reporter-output>
        </test-method> <!-- verifyHomePageTitleTest -->
        <test-method is-config="true" signature="tearDown()[pri:0, instance:com.cm.qa.testCases.HomePageTest@38425407]" started-at="2022-01-14T10:46:19 IST" name="tearDown" finished-at="2022-01-14T10:46:20 IST" duration-ms="1204" status="PASS">
          <reporter-output>
          </reporter-output>
        </test-method> <!-- tearDown -->
        <test-method is-config="true" signature="setUp()[pri:0, instance:com.cm.qa.testCases.HomePageTest@38425407]" started-at="2022-01-14T10:46:20 IST" name="setUp" finished-at="2022-01-14T10:46:29 IST" duration-ms="8900" status="PASS">
          <reporter-output>
          </reporter-output>
        </test-method> <!-- setUp -->
        <test-method signature="verifyContactsLinkTest()[pri:3, instance:com.cm.qa.testCases.HomePageTest@38425407]" started-at="2022-01-14T10:46:29 IST" name="verifyContactsLinkTest" finished-at="2022-01-14T10:46:30 IST" duration-ms="1007" status="PASS">
          <reporter-output>
          </reporter-output>
        </test-method> <!-- verifyContactsLinkTest -->
        <test-method is-config="true" signature="tearDown()[pri:0, instance:com.cm.qa.testCases.HomePageTest@38425407]" started-at="2022-01-14T10:46:30 IST" name="tearDown" finished-at="2022-01-14T10:46:31 IST" duration-ms="1234" status="PASS">
          <reporter-output>
          </reporter-output>
        </test-method> <!-- tearDown -->
      </class> <!-- com.cm.qa.testCases.HomePageTest -->
      <class name="com.cm.qa.testCases.LoginPageTest">
        <test-method is-config="true" signature="setUp()[pri:0, instance:com.cm.qa.testCases.LoginPageTest@ba2f4ec]" started-at="2022-01-14T10:46:31 IST" name="setUp" finished-at="2022-01-14T10:46:37 IST" duration-ms="5888" status="PASS">
          <reporter-output>
          </reporter-output>
        </test-method> <!-- setUp -->
        <test-method signature="loginPageTitleTest()[pri:1, instance:com.cm.qa.testCases.LoginPageTest@ba2f4ec]" started-at="2022-01-14T10:46:37 IST" name="loginPageTitleTest" finished-at="2022-01-14T10:46:37 IST" duration-ms="17" status="PASS">
          <reporter-output>
          </reporter-output>
        </test-method> <!-- loginPageTitleTest -->
        <test-method is-config="true" signature="tearDown()[pri:0, instance:com.cm.qa.testCases.LoginPageTest@ba2f4ec]" started-at="2022-01-14T10:46:37 IST" name="tearDown" finished-at="2022-01-14T10:46:39 IST" duration-ms="1442" status="PASS">
          <reporter-output>
          </reporter-output>
        </test-method> <!-- tearDown -->
        <test-method is-config="true" signature="setUp()[pri:0, instance:com.cm.qa.testCases.LoginPageTest@ba2f4ec]" started-at="2022-01-14T10:46:39 IST" name="setUp" finished-at="2022-01-14T10:46:45 IST" duration-ms="6356" status="PASS">
          <reporter-output>
          </reporter-output>
        </test-method> <!-- setUp -->
        <test-method signature="crmLogoImageTest()[pri:2, instance:com.cm.qa.testCases.LoginPageTest@ba2f4ec]" started-at="2022-01-14T10:46:45 IST" name="crmLogoImageTest" finished-at="2022-01-14T10:46:45 IST" duration-ms="315" status="PASS">
          <reporter-output>
          </reporter-output>
        </test-method> <!-- crmLogoImageTest -->
        <test-method is-config="true" signature="tearDown()[pri:0, instance:com.cm.qa.testCases.LoginPageTest@ba2f4ec]" started-at="2022-01-14T10:46:45 IST" name="tearDown" finished-at="2022-01-14T10:46:46 IST" duration-ms="1140" status="PASS">
          <reporter-output>
          </reporter-output>
        </test-method> <!-- tearDown -->
        <test-method is-config="true" signature="setUp()[pri:0, instance:com.cm.qa.testCases.LoginPageTest@ba2f4ec]" started-at="2022-01-14T10:46:46 IST" name="setUp" finished-at="2022-01-14T10:46:53 IST" duration-ms="6220" status="PASS">
          <reporter-output>
          </reporter-output>
        </test-method> <!-- setUp -->
        <test-method signature="loginTest()[pri:3, instance:com.cm.qa.testCases.LoginPageTest@ba2f4ec]" started-at="2022-01-14T10:46:53 IST" name="loginTest" finished-at="2022-01-14T10:46:55 IST" duration-ms="2499" status="PASS">
          <reporter-output>
          </reporter-output>
        </test-method> <!-- loginTest -->
        <test-method is-config="true" signature="tearDown()[pri:0, instance:com.cm.qa.testCases.LoginPageTest@ba2f4ec]" started-at="2022-01-14T10:46:55 IST" name="tearDown" finished-at="2022-01-14T10:46:56 IST" duration-ms="1093" status="PASS">
          <reporter-output>
          </reporter-output>
        </test-method> <!-- tearDown -->
      </class> <!-- com.cm.qa.testCases.LoginPageTest -->
    </test> <!-- Surefire test -->
  </suite> <!-- Surefire suite -->
</testng-results>
